Determining if the function reallocf exists failed with the following output:
Change Dir: /home/xinxing06/DDS/mongo-c-driver-1.17.3/cmake-build/CMakeFiles/CMakeTmp

Run Build Command:"/usr/bin/make" "cmTC_bffd0/fast"
/usr/bin/make -f CMakeFiles/cmTC_bffd0.dir/build.make CMakeFiles/cmTC_bffd0.dir/build
make[1]: Entering directory '/home/xinxing06/DDS/mongo-c-driver-1.17.3/cmake-build/CMakeFiles/CMakeTmp'
Building C object CMakeFiles/cmTC_bffd0.dir/CheckFunctionExists.c.o
/usr/bin/cc   -DCHECK_FUNCTION_EXISTS=reallocf   -o CMakeFiles/cmTC_bffd0.dir/CheckFunctionExists.c.o   -c /usr/share/cmake-3.13/Modules/CheckFunctionExists.c
Linking C executable cmTC_bffd0
/usr/bin/cmake -E cmake_link_script CMakeFiles/cmTC_bffd0.dir/link.txt --verbose=1
/usr/bin/cc  -DCHECK_FUNCTION_EXISTS=reallocf    -rdynamic CMakeFiles/cmTC_bffd0.dir/CheckFunctionExists.c.o  -o cmTC_bffd0 /usr/lib/arm-linux-gnueabihf/librt.so 
/usr/bin/ld: CMakeFiles/cmTC_bffd0.dir/CheckFunctionExists.c.o: in function `main':
CheckFunctionExists.c:(.text+0x14): undefined reference to `reallocf'
collect2: error: ld returned 1 exit status
make[1]: *** [CMakeFiles/cmTC_bffd0.dir/build.make:88: cmTC_bffd0] Error 1
make[1]: Leaving directory '/home/xinxing06/DDS/mongo-c-driver-1.17.3/cmake-build/CMakeFiles/CMakeTmp'
make: *** [Makefile:121: cmTC_bffd0/fast] Error 2


Determining if the strlcpy exist failed with the following output:
Change Dir: /home/xinxing06/DDS/mongo-c-driver-1.17.3/cmake-build/CMakeFiles/CMakeTmp

Run Build Command:"/usr/bin/make" "cmTC_b2f3b/fast"
/usr/bin/make -f CMakeFiles/cmTC_b2f3b.dir/build.make CMakeFiles/cmTC_b2f3b.dir/build
make[1]: Entering directory '/home/xinxing06/DDS/mongo-c-driver-1.17.3/cmake-build/CMakeFiles/CMakeTmp'
Building C object CMakeFiles/cmTC_b2f3b.dir/CheckSymbolExists.c.o
/usr/bin/cc    -o CMakeFiles/cmTC_b2f3b.dir/CheckSymbolExists.c.o   -c /home/xinxing06/DDS/mongo-c-driver-1.17.3/cmake-build/CMakeFiles/CMakeTmp/CheckSymbolExists.c
/home/xinxing06/DDS/mongo-c-driver-1.17.3/cmake-build/CMakeFiles/CMakeTmp/CheckSymbolExists.c: In function ‘main’:
/home/xinxing06/DDS/mongo-c-driver-1.17.3/cmake-build/CMakeFiles/CMakeTmp/CheckSymbolExists.c:8:19: error: ‘strlcpy’ undeclared (first use in this function); did you mean ‘strncpy’?
   return ((int*)(&strlcpy))[argc];
                   ^~~~~~~
                   strncpy
/home/xinxing06/DDS/mongo-c-driver-1.17.3/cmake-build/CMakeFiles/CMakeTmp/CheckSymbolExists.c:8:19: note: each undeclared identifier is reported only once for each function it appears in
make[1]: *** [CMakeFiles/cmTC_b2f3b.dir/build.make:66: CMakeFiles/cmTC_b2f3b.dir/CheckSymbolExists.c.o] Error 1
make[1]: Leaving directory '/home/xinxing06/DDS/mongo-c-driver-1.17.3/cmake-build/CMakeFiles/CMakeTmp'
make: *** [Makefile:121: cmTC_b2f3b/fast] Error 2

File /home/xinxing06/DDS/mongo-c-driver-1.17.3/cmake-build/CMakeFiles/CMakeTmp/CheckSymbolExists.c:
/* */
#include <string.h>

int main(int argc, char** argv)
{
  (void)argv;
#ifndef strlcpy
  return ((int*)(&strlcpy))[argc];
#else
  (void)argc;
  return 0;
#endif
}

Determining if the pthread_create exist failed with the following output:
Change Dir: /home/xinxing06/DDS/mongo-c-driver-1.17.3/cmake-build/CMakeFiles/CMakeTmp

Run Build Command:"/usr/bin/make" "cmTC_a6860/fast"
/usr/bin/make -f CMakeFiles/cmTC_a6860.dir/build.make CMakeFiles/cmTC_a6860.dir/build
make[1]: Entering directory '/home/xinxing06/DDS/mongo-c-driver-1.17.3/cmake-build/CMakeFiles/CMakeTmp'
Building C object CMakeFiles/cmTC_a6860.dir/CheckSymbolExists.c.o
/usr/bin/cc    -o CMakeFiles/cmTC_a6860.dir/CheckSymbolExists.c.o   -c /home/xinxing06/DDS/mongo-c-driver-1.17.3/cmake-build/CMakeFiles/CMakeTmp/CheckSymbolExists.c
Linking C executable cmTC_a6860
/usr/bin/cmake -E cmake_link_script CMakeFiles/cmTC_a6860.dir/link.txt --verbose=1
/usr/bin/cc      -rdynamic CMakeFiles/cmTC_a6860.dir/CheckSymbolExists.c.o  -o cmTC_a6860 /usr/lib/arm-linux-gnueabihf/librt.so 
/usr/bin/ld: CMakeFiles/cmTC_a6860.dir/CheckSymbolExists.c.o: undefined reference to symbol 'pthread_create@@GLIBC_2.4'
/usr/bin/ld: //lib/arm-linux-gnueabihf/libpthread.so.0: error adding symbols: DSO missing from command line
collect2: error: ld returned 1 exit status
make[1]: *** [CMakeFiles/cmTC_a6860.dir/build.make:88: cmTC_a6860] Error 1
make[1]: Leaving directory '/home/xinxing06/DDS/mongo-c-driver-1.17.3/cmake-build/CMakeFiles/CMakeTmp'
make: *** [Makefile:121: cmTC_a6860/fast] Error 2

File /home/xinxing06/DDS/mongo-c-driver-1.17.3/cmake-build/CMakeFiles/CMakeTmp/CheckSymbolExists.c:
/* */
#include <pthread.h>

int main(int argc, char** argv)
{
  (void)argv;
#ifndef pthread_create
  return ((int*)(&pthread_create))[argc];
#else
  (void)argc;
  return 0;
#endif
}

Determining if the res_ndestroy exist failed with the following output:
Change Dir: /home/xinxing06/DDS/mongo-c-driver-1.17.3/cmake-build/CMakeFiles/CMakeTmp

Run Build Command:"/usr/bin/make" "cmTC_af7bb/fast"
/usr/bin/make -f CMakeFiles/cmTC_af7bb.dir/build.make CMakeFiles/cmTC_af7bb.dir/build
make[1]: Entering directory '/home/xinxing06/DDS/mongo-c-driver-1.17.3/cmake-build/CMakeFiles/CMakeTmp'
Building C object CMakeFiles/cmTC_af7bb.dir/CheckSymbolExists.c.o
/usr/bin/cc    -o CMakeFiles/cmTC_af7bb.dir/CheckSymbolExists.c.o   -c /home/xinxing06/DDS/mongo-c-driver-1.17.3/cmake-build/CMakeFiles/CMakeTmp/CheckSymbolExists.c
/home/xinxing06/DDS/mongo-c-driver-1.17.3/cmake-build/CMakeFiles/CMakeTmp/CheckSymbolExists.c: In function ‘main’:
/home/xinxing06/DDS/mongo-c-driver-1.17.3/cmake-build/CMakeFiles/CMakeTmp/CheckSymbolExists.c:8:19: error: ‘res_ndestroy’ undeclared (first use in this function); did you mean ‘res_query’?
   return ((int*)(&res_ndestroy))[argc];
                   ^~~~~~~~~~~~
                   res_query
/home/xinxing06/DDS/mongo-c-driver-1.17.3/cmake-build/CMakeFiles/CMakeTmp/CheckSymbolExists.c:8:19: note: each undeclared identifier is reported only once for each function it appears in
make[1]: *** [CMakeFiles/cmTC_af7bb.dir/build.make:66: CMakeFiles/cmTC_af7bb.dir/CheckSymbolExists.c.o] Error 1
make[1]: Leaving directory '/home/xinxing06/DDS/mongo-c-driver-1.17.3/cmake-build/CMakeFiles/CMakeTmp'
make: *** [Makefile:121: cmTC_af7bb/fast] Error 2

File /home/xinxing06/DDS/mongo-c-driver-1.17.3/cmake-build/CMakeFiles/CMakeTmp/CheckSymbolExists.c:
/* */
#include <resolv.h>

int main(int argc, char** argv)
{
  (void)argv;
#ifndef res_ndestroy
  return ((int*)(&res_ndestroy))[argc];
#else
  (void)argc;
  return 0;
#endif
}

Determining if the sched_getcpu exist failed with the following output:
Change Dir: /home/xinxing06/DDS/mongo-c-driver-1.17.3/cmake-build/CMakeFiles/CMakeTmp

Run Build Command:"/usr/bin/make" "cmTC_7e0fa/fast"
/usr/bin/make -f CMakeFiles/cmTC_7e0fa.dir/build.make CMakeFiles/cmTC_7e0fa.dir/build
make[1]: Entering directory '/home/xinxing06/DDS/mongo-c-driver-1.17.3/cmake-build/CMakeFiles/CMakeTmp'
Building C object CMakeFiles/cmTC_7e0fa.dir/CheckSymbolExists.c.o
/usr/bin/cc    -o CMakeFiles/cmTC_7e0fa.dir/CheckSymbolExists.c.o   -c /home/xinxing06/DDS/mongo-c-driver-1.17.3/cmake-build/CMakeFiles/CMakeTmp/CheckSymbolExists.c
/home/xinxing06/DDS/mongo-c-driver-1.17.3/cmake-build/CMakeFiles/CMakeTmp/CheckSymbolExists.c: In function ‘main’:
/home/xinxing06/DDS/mongo-c-driver-1.17.3/cmake-build/CMakeFiles/CMakeTmp/CheckSymbolExists.c:8:19: error: ‘sched_getcpu’ undeclared (first use in this function); did you mean ‘sched_getparam’?
   return ((int*)(&sched_getcpu))[argc];
                   ^~~~~~~~~~~~
                   sched_getparam
/home/xinxing06/DDS/mongo-c-driver-1.17.3/cmake-build/CMakeFiles/CMakeTmp/CheckSymbolExists.c:8:19: note: each undeclared identifier is reported only once for each function it appears in
make[1]: *** [CMakeFiles/cmTC_7e0fa.dir/build.make:66: CMakeFiles/cmTC_7e0fa.dir/CheckSymbolExists.c.o] Error 1
make[1]: Leaving directory '/home/xinxing06/DDS/mongo-c-driver-1.17.3/cmake-build/CMakeFiles/CMakeTmp'
make: *** [Makefile:121: cmTC_7e0fa/fast] Error 2

File /home/xinxing06/DDS/mongo-c-driver-1.17.3/cmake-build/CMakeFiles/CMakeTmp/CheckSymbolExists.c:
/* */
#include <sched.h>

int main(int argc, char** argv)
{
  (void)argv;
#ifndef sched_getcpu
  return ((int*)(&sched_getcpu))[argc];
#else
  (void)argc;
  return 0;
#endif
}

